# JRE version: OpenJDK Runtime Environment (11.0.15) (build 11.0.15+0-b2043.56-9505619)
# Java VM: OpenJDK 64-Bit Server VM (11.0.15+0-b2043.56-9505619, mixed mode, tiered, compressed oops, g1 gc, windows-amd64)
Heap:
 garbage-first heap   total 704512K, used 213247K [0x0000000080000000, 0x0000000100000000)
  region size 1024K, 10 young (10240K), 10 survivors (10240K)
 Metaspace       used 106577K, capacity 109709K, committed 110128K, reserved 1144832K
  class space    used 13914K, capacity 15163K, committed 15360K, reserved 1048576K
GC Heap History (20 events):
Event: 23.061 GC heap after
{Heap after GC invocations=45 (full 0):
 garbage-first heap   total 189440K, used 133046K [0x0000000080000000, 0x0000000100000000)
  region size 1024K, 4 young (4096K), 4 survivors (4096K)
 Metaspace       used 101494K, capacity 104389K, committed 104496K, reserved 1140736K
  class space    used 13138K, capacity 14229K, committed 14336K, reserved 1048576K
}
Event: 23.159 GC heap before
{Heap before GC invocations=45 (full 0):
 garbage-first heap   total 189440K, used 155574K [0x0000000080000000, 0x0000000100000000)
  region size 1024K, 27 young (27648K), 4 survivors (4096K)
 Metaspace       used 101697K, capacity 104616K, committed 104752K, reserved 1140736K
  class space    used 13162K, capacity 14262K, committed 14336K, reserved 1048576K
}
Event: 23.170 GC heap after
{Heap after GC invocations=46 (full 0):
 garbage-first heap   total 189440K, used 138200K [0x0000000080000000, 0x0000000100000000)
  region size 1024K, 4 young (4096K), 4 survivors (4096K)
 Metaspace       used 101697K, capacity 104616K, committed 104752K, reserved 1140736K
  class space    used 13162K, capacity 14262K, committed 14336K, reserved 1048576K
}
Event: 23.293 GC heap before
{Heap before GC invocations=46 (full 0):
 garbage-first heap   total 189440K, used 157656K [0x0000000080000000, 0x0000000100000000)
  region size 1024K, 24 young (24576K), 4 survivors (4096K)
 Metaspace       used 101819K, capacity 104692K, committed 105008K, reserved 1140736K
  class space    used 13156K, capacity 14242K, committed 14336K, reserved 1048576K
}
Event: 23.303 GC heap after
{Heap after GC invocations=47 (full 0):
 garbage-first heap   total 227328K, used 142568K [0x0000000080000000, 0x0000000100000000)
  region size 1024K, 3 young (3072K), 3 survivors (3072K)
 Metaspace       used 101819K, capacity 104692K, committed 105008K, reserved 1140736K
  class space    used 13156K, capacity 14242K, committed 14336K, reserved 1048576K
}
Event: 23.425 GC heap before
{Heap before GC invocations=48 (full 0):
 garbage-first heap   total 227328K, used 178408K [0x0000000080000000, 0x0000000100000000)
  region size 1024K, 38 young (38912K), 3 survivors (3072K)
 Metaspace       used 102285K, capacity 105226K, committed 105392K, reserved 1140736K
  class space    used 13246K, capacity 14354K, committed 14464K, reserved 1048576K
}
Event: 23.437 GC heap after
{Heap after GC invocations=49 (full 0):
 garbage-first heap   total 227328K, used 148480K [0x0000000080000000, 0x0000000100000000)
  region size 1024K, 5 young (5120K), 5 survivors (5120K)
 Metaspace       used 102285K, capacity 105226K, committed 105392K, reserved 1140736K
  class space    used 13246K, capacity 14354K, committed 14464K, reserved 1048576K
}
Event: 23.537 GC heap before
{Heap before GC invocations=49 (full 0):
 garbage-first heap   total 227328K, used 182272K [0x0000000080000000, 0x0000000100000000)
  region size 1024K, 38 young (38912K), 5 survivors (5120K)
 Metaspace       used 103026K, capacity 106052K, committed 106288K, reserved 1140736K
  class space    used 13370K, capacity 14503K, committed 14592K, reserved 1048576K
}
Event: 23.549 GC heap after
{Heap after GC invocations=50 (full 0):
 garbage-first heap   total 227328K, used 154477K [0x0000000080000000, 0x0000000100000000)
  region size 1024K, 5 young (5120K), 5 survivors (5120K)
 Metaspace       used 103026K, capacity 106052K, committed 106288K, reserved 1140736K
  class space    used 13370K, capacity 14503K, committed 14592K, reserved 1048576K
}
Event: 23.737 GC heap before
{Heap before GC invocations=50 (full 0):
 garbage-first heap   total 227328K, used 185197K [0x0000000080000000, 0x0000000100000000)
  region size 1024K, 36 young (36864K), 5 survivors (5120K)
 Metaspace       used 104011K, capacity 107031K, committed 107184K, reserved 1142784K
  class space    used 13507K, capacity 14637K, committed 14720K, reserved 1048576K
}
Event: 23.752 GC heap after
{Heap after GC invocations=51 (full 0):
 garbage-first heap   total 227328K, used 160768K [0x0000000080000000, 0x0000000100000000)
  region size 1024K, 5 young (5120K), 5 survivors (5120K)
 Metaspace       used 104011K, capacity 107031K, committed 107184K, reserved 1142784K
  class space    used 13507K, capacity 14637K, committed 14720K, reserved 1048576K
}
Event: 23.887 GC heap before
{Heap before GC invocations=51 (full 0):
 garbage-first heap   total 227328K, used 188416K [0x0000000080000000, 0x0000000100000000)
  region size 1024K, 32 young (32768K), 5 survivors (5120K)
 Metaspace       used 103868K, capacity 106679K, committed 107440K, reserved 1142784K
  class space    used 13421K, capacity 14473K, committed 14720K, reserved 1048576K
}
Event: 23.905 GC heap after
{Heap after GC invocations=52 (full 0):
 garbage-first heap   total 356352K, used 166028K [0x0000000080000000, 0x0000000100000000)
  region size 1024K, 4 young (4096K), 4 survivors (4096K)
 Metaspace       used 103868K, capacity 106679K, committed 107440K, reserved 1142784K
  class space    used 13421K, capacity 14473K, committed 14720K, reserved 1048576K
}
Event: 24.070 GC heap before
{Heap before GC invocations=53 (full 0):
 garbage-first heap   total 356352K, used 233612K [0x0000000080000000, 0x0000000100000000)
  region size 1024K, 71 young (72704K), 4 survivors (4096K)
 Metaspace       used 104805K, capacity 107751K, committed 108080K, reserved 1142784K
  class space    used 13618K, capacity 14791K, committed 14848K, reserved 1048576K
}
Event: 24.086 GC heap after
{Heap after GC invocations=54 (full 0):
 garbage-first heap   total 356352K, used 178455K [0x0000000080000000, 0x0000000100000000)
  region size 1024K, 9 young (9216K), 9 survivors (9216K)
 Metaspace       used 104805K, capacity 107751K, committed 108080K, reserved 1142784K
  class space    used 13618K, capacity 14791K, committed 14848K, reserved 1048576K
}
Event: 24.240 GC heap before
{Heap before GC invocations=54 (full 0):
 garbage-first heap   total 356352K, used 247063K [0x0000000080000000, 0x0000000100000000)
  region size 1024K, 76 young (77824K), 9 survivors (9216K)
 Metaspace       used 105704K, capacity 108865K, committed 109104K, reserved 1142784K
  class space    used 13788K, capacity 15048K, committed 15104K, reserved 1048576K
}
Event: 24.266 GC heap after
{Heap after GC invocations=55 (full 0):
 garbage-first heap   total 356352K, used 190948K [0x0000000080000000, 0x0000000100000000)
  region size 1024K, 10 young (10240K), 10 survivors (10240K)
 Metaspace       used 105704K, capacity 108865K, committed 109104K, reserved 1142784K
  class space    used 13788K, capacity 15048K, committed 15104K, reserved 1048576K
}
Event: 24.420 GC heap before
{Heap before GC invocations=55 (full 0):
 garbage-first heap   total 356352K, used 257508K [0x0000000080000000, 0x0000000100000000)
  region size 1024K, 76 young (77824K), 10 survivors (10240K)
 Metaspace       used 106308K, capacity 109556K, committed 109744K, reserved 1144832K
  class space    used 13898K, capacity 15201K, committed 15232K, reserved 1048576K
}
Event: 24.438 GC heap after
{Heap after GC invocations=56 (full 0):
 garbage-first heap   total 356352K, used 202213K [0x0000000080000000, 0x0000000100000000)
  region size 1024K, 10 young (10240K), 10 survivors (10240K)
 Metaspace       used 106308K, capacity 109556K, committed 109744K, reserved 1144832K
  class space    used 13898K, capacity 15201K, committed 15232K, reserved 1048576K
}
Event: 24.647 GC heap before
{Heap before GC invocations=56 (full 0):
 garbage-first heap   total 356352K, used 268773K [0x0000000080000000, 0x0000000100000000)
  region size 1024K, 75 young (76800K), 10 survivors (10240K)
 Metaspace       used 106577K, capacity 109709K, committed 110128K, reserved 1144832K
  class space    used 13914K, capacity 15163K, committed 15360K, reserved 1048576K
}

