# JRE version: OpenJDK Runtime Environment (11.0.15) (build 11.0.15+0-b2043.56-9505619)
# Java VM: OpenJDK 64-Bit Server VM (11.0.15+0-b2043.56-9505619, mixed mode, tiered, compressed oops, g1 gc, windows-amd64)
Heap:
 garbage-first heap   total 657408K, used 196256K [0x0000000080000000, 0x0000000100000000)
  region size 1024K, 17 young (17408K), 17 survivors (17408K)
 Metaspace       used 111177K, capacity 114566K, committed 114816K, reserved 1148928K
  class space    used 14567K, capacity 15907K, committed 16000K, reserved 1048576K
GC Heap History (20 events):
Event: 23.631 GC heap after
{Heap after GC invocations=41 (full 0):
 garbage-first heap   total 189440K, used 129480K [0x0000000080000000, 0x0000000100000000)
  region size 1024K, 5 young (5120K), 5 survivors (5120K)
 Metaspace       used 102942K, capacity 105715K, committed 106240K, reserved 1140736K
  class space    used 13373K, capacity 14444K, committed 14592K, reserved 1048576K
}
Event: 23.759 GC heap before
{Heap before GC invocations=41 (full 0):
 garbage-first heap   total 189440K, used 155080K [0x0000000080000000, 0x0000000100000000)
  region size 1024K, 31 young (31744K), 5 survivors (5120K)
 Metaspace       used 103814K, capacity 106818K, committed 107008K, reserved 1140736K
  class space    used 13571K, capacity 14773K, committed 14848K, reserved 1048576K
}
Event: 23.774 GC heap after
{Heap after GC invocations=42 (full 0):
 garbage-first heap   total 189440K, used 134538K [0x0000000080000000, 0x0000000100000000)
  region size 1024K, 4 young (4096K), 4 survivors (4096K)
 Metaspace       used 103814K, capacity 106818K, committed 107008K, reserved 1140736K
  class space    used 13571K, capacity 14773K, committed 14848K, reserved 1048576K
}
Event: 23.939 GC heap before
{Heap before GC invocations=42 (full 0):
 garbage-first heap   total 189440K, used 157066K [0x0000000080000000, 0x0000000100000000)
  region size 1024K, 27 young (27648K), 4 survivors (4096K)
 Metaspace       used 104230K, capacity 107287K, committed 107520K, reserved 1142784K
  class space    used 13628K, capacity 14844K, committed 14848K, reserved 1048576K
}
Event: 23.953 GC heap after
{Heap after GC invocations=43 (full 0):
 garbage-first heap   total 263168K, used 139264K [0x0000000080000000, 0x0000000100000000)
  region size 1024K, 4 young (4096K), 4 survivors (4096K)
 Metaspace       used 104230K, capacity 107287K, committed 107520K, reserved 1142784K
  class space    used 13628K, capacity 14844K, committed 14848K, reserved 1048576K
}
Event: 24.244 GC heap before
{Heap before GC invocations=44 (full 0):
 garbage-first heap   total 263168K, used 188416K [0x0000000080000000, 0x0000000100000000)
  region size 1024K, 53 young (54272K), 4 survivors (4096K)
 Metaspace       used 105273K, capacity 108169K, committed 108800K, reserved 1142784K
  class space    used 13740K, capacity 14892K, committed 15104K, reserved 1048576K
}
Event: 24.261 GC heap after
{Heap after GC invocations=45 (full 0):
 garbage-first heap   total 263168K, used 147456K [0x0000000080000000, 0x0000000100000000)
  region size 1024K, 7 young (7168K), 7 survivors (7168K)
 Metaspace       used 105273K, capacity 108169K, committed 108800K, reserved 1142784K
  class space    used 13740K, capacity 14892K, committed 15104K, reserved 1048576K
}
Event: 24.404 GC heap before
{Heap before GC invocations=45 (full 0):
 garbage-first heap   total 263168K, used 196608K [0x0000000080000000, 0x0000000100000000)
  region size 1024K, 55 young (56320K), 7 survivors (7168K)
 Metaspace       used 106390K, capacity 109375K, committed 109696K, reserved 1144832K
  class space    used 13927K, capacity 15109K, committed 15232K, reserved 1048576K
}
Event: 24.420 GC heap after
{Heap after GC invocations=46 (full 0):
 garbage-first heap   total 263168K, used 155995K [0x0000000080000000, 0x0000000100000000)
  region size 1024K, 7 young (7168K), 7 survivors (7168K)
 Metaspace       used 106390K, capacity 109375K, committed 109696K, reserved 1144832K
  class space    used 13927K, capacity 15109K, committed 15232K, reserved 1048576K
}
Event: 24.591 GC heap before
{Heap before GC invocations=46 (full 0):
 garbage-first heap   total 263168K, used 203099K [0x0000000080000000, 0x0000000100000000)
  region size 1024K, 53 young (54272K), 7 survivors (7168K)
 Metaspace       used 107289K, capacity 110315K, committed 110592K, reserved 1144832K
  class space    used 14094K, capacity 15314K, committed 15360K, reserved 1048576K
}
Event: 24.604 GC heap after
{Heap after GC invocations=47 (full 0):
 garbage-first heap   total 263168K, used 163840K [0x0000000080000000, 0x0000000100000000)
  region size 1024K, 7 young (7168K), 7 survivors (7168K)
 Metaspace       used 107289K, capacity 110315K, committed 110592K, reserved 1144832K
  class space    used 14094K, capacity 15314K, committed 15360K, reserved 1048576K
}
Event: 24.771 GC heap before
{Heap before GC invocations=47 (full 0):
 garbage-first heap   total 263168K, used 208896K [0x0000000080000000, 0x0000000100000000)
  region size 1024K, 51 young (52224K), 7 survivors (7168K)
 Metaspace       used 107248K, capacity 110085K, committed 110720K, reserved 1144832K
  class space    used 14032K, capacity 15144K, committed 15488K, reserved 1048576K
}
Event: 24.794 GC heap after
{Heap after GC invocations=48 (full 0):
 garbage-first heap   total 473088K, used 171545K [0x0000000080000000, 0x0000000100000000)
  region size 1024K, 7 young (7168K), 7 survivors (7168K)
 Metaspace       used 107248K, capacity 110085K, committed 110720K, reserved 1144832K
  class space    used 14032K, capacity 15144K, committed 15488K, reserved 1048576K
}
Event: 25.586 GC heap before
{Heap before GC invocations=49 (full 0):
 garbage-first heap   total 473088K, used 278041K [0x0000000080000000, 0x0000000100000000)
  region size 1024K, 112 young (114688K), 7 survivors (7168K)
 Metaspace       used 110167K, capacity 113364K, committed 113536K, reserved 1146880K
  class space    used 14460K, capacity 15740K, committed 15744K, reserved 1048576K
}
Event: 25.604 GC heap after
{Heap after GC invocations=50 (full 0):
 garbage-first heap   total 473088K, used 176842K [0x0000000080000000, 0x0000000100000000)
  region size 1024K, 13 young (13312K), 13 survivors (13312K)
 Metaspace       used 110167K, capacity 113364K, committed 113536K, reserved 1146880K
  class space    used 14460K, capacity 15740K, committed 15744K, reserved 1048576K
}
Event: 26.223 GC heap before
{Heap before GC invocations=50 (full 0):
 garbage-first heap   total 473088K, used 301770K [0x0000000080000000, 0x0000000100000000)
  region size 1024K, 136 young (139264K), 13 survivors (13312K)
 Metaspace       used 110571K, capacity 113823K, committed 114176K, reserved 1146880K
  class space    used 14485K, capacity 15762K, committed 15872K, reserved 1048576K
}
Event: 26.243 GC heap after
{Heap after GC invocations=51 (full 0):
 garbage-first heap   total 473088K, used 183982K [0x0000000080000000, 0x0000000100000000)
  region size 1024K, 13 young (13312K), 13 survivors (13312K)
 Metaspace       used 110571K, capacity 113823K, committed 114176K, reserved 1146880K
  class space    used 14485K, capacity 15762K, committed 15872K, reserved 1048576K
}
Event: 26.947 GC heap before
{Heap before GC invocations=51 (full 0):
 garbage-first heap   total 473088K, used 353966K [0x0000000080000000, 0x0000000100000000)
  region size 1024K, 179 young (183296K), 13 survivors (13312K)
 Metaspace       used 110885K, capacity 114171K, committed 114432K, reserved 1148928K
  class space    used 14524K, capacity 15836K, committed 15872K, reserved 1048576K
}
Event: 26.968 GC heap after
{Heap after GC invocations=52 (full 0):
 garbage-first heap   total 473088K, used 188405K [0x0000000080000000, 0x0000000100000000)
  region size 1024K, 17 young (17408K), 17 survivors (17408K)
 Metaspace       used 110885K, capacity 114171K, committed 114432K, reserved 1148928K
  class space    used 14524K, capacity 15836K, committed 15872K, reserved 1048576K
}
Event: 28.239 GC heap before
{Heap before GC invocations=52 (full 0):
 garbage-first heap   total 473088K, used 356341K [0x0000000080000000, 0x0000000100000000)
  region size 1024K, 182 young (186368K), 17 survivors (17408K)
 Metaspace       used 111177K, capacity 114566K, committed 114816K, reserved 1148928K
  class space    used 14567K, capacity 15907K, committed 16000K, reserved 1048576K
}

